mode: set
/home/leo/code/little-txt-book-reader/txtreader.go:45.56,46.30 1 0
/home/leo/code/little-txt-book-reader/txtreader.go:49.2,49.29 1 0
/home/leo/code/little-txt-book-reader/txtreader.go:53.2,53.28 1 0
/home/leo/code/little-txt-book-reader/txtreader.go:56.2,57.26 2 0
/home/leo/code/little-txt-book-reader/txtreader.go:46.30,48.3 1 0
/home/leo/code/little-txt-book-reader/txtreader.go:49.29,51.3 1 0
/home/leo/code/little-txt-book-reader/txtreader.go:53.28,55.3 1 0
/home/leo/code/little-txt-book-reader/txtreader.go:60.54,61.15 1 0
/home/leo/code/little-txt-book-reader/txtreader.go:65.2,65.14 1 0
/home/leo/code/little-txt-book-reader/txtreader.go:69.2,72.26 3 0
/home/leo/code/little-txt-book-reader/txtreader.go:61.15,63.3 1 0
/home/leo/code/little-txt-book-reader/txtreader.go:65.14,67.3 1 0
/home/leo/code/little-txt-book-reader/txtreader.go:75.62,77.2 1 0
/home/leo/code/little-txt-book-reader/txtreader.go:79.57,81.23 1 0
/home/leo/code/little-txt-book-reader/txtreader.go:85.2,87.26 3 0
/home/leo/code/little-txt-book-reader/txtreader.go:92.2,93.34 1 0
/home/leo/code/little-txt-book-reader/txtreader.go:81.23,83.3 1 0
/home/leo/code/little-txt-book-reader/txtreader.go:87.26,91.3 1 0
/home/leo/code/little-txt-book-reader/txtreader.go:97.13,101.40 3 0
/home/leo/code/little-txt-book-reader/txtreader.go:106.2,106.39 1 0
/home/leo/code/little-txt-book-reader/txtreader.go:111.2,113.21 2 0
/home/leo/code/little-txt-book-reader/txtreader.go:124.2,163.16 21 0
/home/leo/code/little-txt-book-reader/txtreader.go:168.2,176.53 5 0
/home/leo/code/little-txt-book-reader/txtreader.go:181.2,181.48 1 0
/home/leo/code/little-txt-book-reader/txtreader.go:186.2,189.57 3 0
/home/leo/code/little-txt-book-reader/txtreader.go:200.2,200.58 1 0
/home/leo/code/little-txt-book-reader/txtreader.go:224.2,224.59 1 0
/home/leo/code/little-txt-book-reader/txtreader.go:243.2,243.60 1 0
/home/leo/code/little-txt-book-reader/txtreader.go:251.2,251.69 1 0
/home/leo/code/little-txt-book-reader/txtreader.go:256.2,256.65 1 0
/home/leo/code/little-txt-book-reader/txtreader.go:260.2,262.33 2 0
/home/leo/code/little-txt-book-reader/txtreader.go:101.40,104.3 2 0
/home/leo/code/little-txt-book-reader/txtreader.go:106.39,109.3 2 0
/home/leo/code/little-txt-book-reader/txtreader.go:113.21,119.17 5 0
/home/leo/code/little-txt-book-reader/txtreader.go:119.17,121.4 1 0
/home/leo/code/little-txt-book-reader/txtreader.go:163.16,165.3 1 0
/home/leo/code/little-txt-book-reader/txtreader.go:176.53,178.3 1 0
/home/leo/code/little-txt-book-reader/txtreader.go:181.48,184.3 2 0
/home/leo/code/little-txt-book-reader/txtreader.go:189.57,198.3 7 0
/home/leo/code/little-txt-book-reader/txtreader.go:200.58,202.27 1 0
/home/leo/code/little-txt-book-reader/txtreader.go:206.3,207.27 2 0
/home/leo/code/little-txt-book-reader/txtreader.go:213.3,221.22 7 0
/home/leo/code/little-txt-book-reader/txtreader.go:202.27,204.4 1 0
/home/leo/code/little-txt-book-reader/txtreader.go:207.27,209.18 2 0
/home/leo/code/little-txt-book-reader/txtreader.go:209.18,211.5 1 0
/home/leo/code/little-txt-book-reader/txtreader.go:224.59,230.17 4 0
/home/leo/code/little-txt-book-reader/txtreader.go:233.3,233.63 1 0
/home/leo/code/little-txt-book-reader/txtreader.go:239.3,240.59 2 0
/home/leo/code/little-txt-book-reader/txtreader.go:230.17,232.4 1 0
/home/leo/code/little-txt-book-reader/txtreader.go:233.63,238.4 4 0
/home/leo/code/little-txt-book-reader/txtreader.go:243.60,248.3 3 0
/home/leo/code/little-txt-book-reader/txtreader.go:251.69,254.3 2 0
/home/leo/code/little-txt-book-reader/txtreader.go:256.65,258.3 1 0
/home/leo/code/little-txt-book-reader/txtreader.go:262.33,264.3 1 0
/home/leo/code/little-txt-book-reader/utils.go:31.47,36.2 4 0
/home/leo/code/little-txt-book-reader/utils.go:38.48,42.16 3 0
/home/leo/code/little-txt-book-reader/utils.go:46.2,47.60 2 0
/home/leo/code/little-txt-book-reader/utils.go:42.16,45.3 2 0
/home/leo/code/little-txt-book-reader/utils.go:50.62,51.16 1 0
/home/leo/code/little-txt-book-reader/utils.go:51.16,54.3 2 0
/home/leo/code/little-txt-book-reader/utils.go:57.44,59.16 2 1
/home/leo/code/little-txt-book-reader/utils.go:62.2,62.39 1 1
/home/leo/code/little-txt-book-reader/utils.go:59.16,61.3 1 0
/home/leo/code/little-txt-book-reader/utils.go:65.41,67.2 1 1
/home/leo/code/little-txt-book-reader/utils.go:69.68,73.6 4 1
/home/leo/code/little-txt-book-reader/utils.go:82.2,82.40 1 1
/home/leo/code/little-txt-book-reader/utils.go:73.6,76.49 3 1
/home/leo/code/little-txt-book-reader/utils.go:76.49,78.9 2 1
/home/leo/code/little-txt-book-reader/utils.go:85.50,89.29 3 0
/home/leo/code/little-txt-book-reader/utils.go:93.2,94.16 2 0
/home/leo/code/little-txt-book-reader/utils.go:97.2,99.16 3 0
/home/leo/code/little-txt-book-reader/utils.go:102.2,103.32 2 0
/home/leo/code/little-txt-book-reader/utils.go:106.2,113.24 7 0
/home/leo/code/little-txt-book-reader/utils.go:89.29,91.3 1 0
/home/leo/code/little-txt-book-reader/utils.go:94.16,96.3 1 0
/home/leo/code/little-txt-book-reader/utils.go:99.16,101.3 1 0
/home/leo/code/little-txt-book-reader/utils.go:103.32,105.3 1 0
/home/leo/code/little-txt-book-reader/utils.go:116.37,117.44 1 0
/home/leo/code/little-txt-book-reader/utils.go:123.2,123.13 1 0
/home/leo/code/little-txt-book-reader/utils.go:117.44,118.25 1 0
/home/leo/code/little-txt-book-reader/utils.go:121.3,121.15 1 0
/home/leo/code/little-txt-book-reader/utils.go:118.25,120.4 1 0
/home/leo/code/little-txt-book-reader/utils.go:126.21,127.14 1 0
/home/leo/code/little-txt-book-reader/utils.go:127.14,128.11 1 0
/home/leo/code/little-txt-book-reader/utils.go:134.47,136.16 2 0
/home/leo/code/little-txt-book-reader/utils.go:139.2,143.21 4 0
/home/leo/code/little-txt-book-reader/utils.go:146.2,146.29 1 0
/home/leo/code/little-txt-book-reader/utils.go:136.16,138.3 1 0
/home/leo/code/little-txt-book-reader/utils.go:143.21,145.3 1 0
/home/leo/code/little-txt-book-reader/utils.go:149.61,151.2 1 0
/home/leo/code/little-txt-book-reader/utils.go:153.45,154.34 1 0
/home/leo/code/little-txt-book-reader/utils.go:154.34,159.3 1 0
/home/leo/code/little-txt-book-reader/utils.go:162.38,164.25 2 1
/home/leo/code/little-txt-book-reader/utils.go:167.2,167.49 1 1
/home/leo/code/little-txt-book-reader/utils.go:164.25,166.3 1 0
/home/leo/code/little-txt-book-reader/utils.go:170.50,172.26 2 1
/home/leo/code/little-txt-book-reader/utils.go:175.2,175.14 1 1
/home/leo/code/little-txt-book-reader/utils.go:172.26,174.3 1 1
/home/leo/code/little-txt-book-reader/utils.go:178.31,179.26 1 0
/home/leo/code/little-txt-book-reader/utils.go:182.2,186.46 5 0
/home/leo/code/little-txt-book-reader/utils.go:189.2,189.99 1 0
/home/leo/code/little-txt-book-reader/utils.go:179.26,181.3 1 0
/home/leo/code/little-txt-book-reader/utils.go:186.46,188.3 1 0
/home/leo/code/little-txt-book-reader/utils.go:192.34,196.52 4 0
/home/leo/code/little-txt-book-reader/utils.go:199.2,199.23 1 0
/home/leo/code/little-txt-book-reader/utils.go:196.52,198.3 1 0
/home/leo/code/little-txt-book-reader/utils.go:202.31,203.49 1 0
/home/leo/code/little-txt-book-reader/utils.go:206.2,206.13 1 0
/home/leo/code/little-txt-book-reader/utils.go:203.49,205.3 1 0
/home/leo/code/little-txt-book-reader/utils.go:209.81,210.16 1 0
/home/leo/code/little-txt-book-reader/utils.go:210.16,213.3 2 0
/home/leo/code/little-txt-book-reader/utils.go:216.83,217.16 1 0
/home/leo/code/little-txt-book-reader/utils.go:217.16,220.3 2 0
/home/leo/code/little-txt-book-reader/utils.go:223.47,225.31 2 0
/home/leo/code/little-txt-book-reader/utils.go:225.31,233.3 4 0
